<?xml version="1.0" encoding="UTF-8"?>
<testsuite name="testsLab2.mainTests" tests="2" skipped="0" failures="0" errors="0" timestamp="2025-03-10T21:10:55" hostname="DESKTOP-HI13VO6" time="0.053">
  <properties/>
  <testcase name="testListNotEmpty()" classname="testsLab2.mainTests" time="0.044"/>
  <testcase name="testListSize()" classname="testsLab2.mainTests" time="0.004"/>
  <system-out><![CDATA[]]></system-out>
  <system-err><![CDATA[]]></system-err>
</testsuite>
